<?xml version="1.0" encoding="UTF-8"?>
<testsuite xmlns:xsi="http://www.w3.org/2001/XMLSchema-instance" xsi:noNamespaceSchemaLocation="https://maven.apache.org/surefire/maven-surefire-plugin/xsd/surefire-test-report-3.0.xsd" version="3.0" name="com.vit.devops.ticketreservationsystem.TicketSystemTest" time="0.04" tests="5" errors="0" skipped="0" failures="0">
  <properties>
[...]
</properties>
  <testcase name="testTicketRouting" classname="com.vit.devops.ticketreservationsystem.TicketSystemTest" time="0.017"/>
  <testcase name="testPaymentAmount" classname="com.vit.devops.ticketreservationsystem.TicketSystemTest" time="0.0"/>
  <testcase name="testTrainId" classname="com.vit.devops.ticketreservationsystem.TicketSystemTest" time="0.001"/>
  <testcase name="testPassengerDetails" classname="com.vit.devops.ticketreservationsystem.TicketSystemTest" time="0.001"/>
  <testcase name="testTicketClerkDetails" classname="com.vit.devops.ticketreservationsystem.TicketSystemTest" time="0.001"/>
</testsuite>